<!doctype html>
<html lang="">
<head>
    <meta charset="UTF-8">
    <meta name="viewport"
          content="width=device-width, user-scalable=no, initial-scale=1.0, maximum-scale=1.0, minimum-scale=1.0">
    <meta http-equiv="X-UA-Compatible" content="ie=edge">
    <title>Test Results Report - test6</title>

    <link href="reportng.css" rel="stylesheet" type="text/css"/>
</head>
<body>
<div id="meta">
Generated by <a href="http://www.testng.org" target="_blank">TestNG</a> with <a href="https://github.com/testng-team/reportng" target="_blank">ReportNG</a>
at 15:39 CDT on Wednesday 22 June 2022
    <br/><span
    id="systemInfo">colli@DESKTOP-O7U6TD5&nbsp;/&nbsp;Java 1.8.0_202 (Oracle Corporation)&nbsp;/&nbsp;Windows 10 10.0 (amd64)</span>
</div>
<h1>test6</h1>

<p>
    <a href="index.html">Suites</a>
        &#183; <a href="output.html">Log Output</a>
</p>

<p>Test duration
    : 7.661s</p>


    <table class="resultsTable">
        <tr>
            <th colspan="3" class="header failed">Failed Tests</th>
        </tr>
            <tr>
                <td class="group" colspan="3">testcases.TestUserLogin</td>
            </tr>
    <tr>
        <td class="method">
                invalid_email_login_test
        </td>
        <td class="duration">
            0.002s
        </td>
        <td class="result">
            <!-- Display the dependencies for skipped test methods -->


            <!-- Show logger output for the test -->

                <a href="javascript:toggleElement('exception-0', 'block')"
                   title="Click to expand/collapse">
                    <b>org.openqa.selenium.InvalidSelectorException: Compound class names not permitted<br/>
For documentation on this error, please visit: https://selenium.dev/exceptions/#invalid_selector_exception<br/>
Build info: version: &apos;4.0.0&apos;, revision: &apos;3a21814679&apos;<br/>
System info: host: &apos;DESKTOP-O7U6TD5&apos;, ip: &apos;192.168.1.10&apos;, os.name: &apos;Windows 10&apos;, os.arch: &apos;amd64&apos;, os.version: &apos;10.0&apos;, java.version: &apos;1.8.0_202&apos;<br/>
Driver info: driver.version: unknown</b>
                </a>
                <br/>
                <div class="stackTrace" id="exception-0">
                        org.openqa.selenium.By$ByClassName.&lt;init&gt;(By.java:310)<br/>
                        org.openqa.selenium.By.className(By.java:100)<br/>
                        org.openqa.selenium.support.AbstractFindByBuilder.buildByFromShortFindBy(AbstractFindByBuilder.java:43)<br/>
                        org.openqa.selenium.support.FindBy$FindByBuilder.buildIt(FindBy.java:85)<br/>
                        org.openqa.selenium.support.pagefactory.Annotations.buildBy(Annotations.java:79)<br/>
                        org.openqa.selenium.support.pagefactory.DefaultElementLocator.&lt;init&gt;(DefaultElementLocator.java:58)<br/>
                        org.openqa.selenium.support.pagefactory.DefaultElementLocator.&lt;init&gt;(DefaultElementLocator.java:46)<br/>
                        org.openqa.selenium.support.pagefactory.DefaultElementLocatorFactory.createLocator(DefaultElementLocatorFactory.java:33)<br/>
                        org.openqa.selenium.support.pagefactory.DefaultFieldDecorator.decorate(DefaultFieldDecorator.java:57)<br/>
                        org.openqa.selenium.support.PageFactory.proxyFields(PageFactory.java:111)<br/>
                        org.openqa.selenium.support.PageFactory.initElements(PageFactory.java:103)<br/>
                        org.openqa.selenium.support.PageFactory.initElements(PageFactory.java:90)<br/>
                        org.openqa.selenium.support.PageFactory.initElements(PageFactory.java:78)<br/>
                        pages.MainPage.&lt;init&gt;(MainPage.java:18)<br/>
                        testcases.TestUserLogin.invalid_email_login_test(TestUserLogin.java:53)<br/>
                        sun.reflect.NativeMethodAccessorImpl.invoke0(Native Method)<br/>
                        sun.reflect.NativeMethodAccessorImpl.invoke(NativeMethodAccessorImpl.java:62)<br/>
                        sun.reflect.DelegatingMethodAccessorImpl.invoke(DelegatingMethodAccessorImpl.java:43)<br/>
                        java.lang.reflect.Method.invoke(Method.java:498)<br/>
                        org.testng.internal.MethodInvocationHelper.invokeMethod(MethodInvocationHelper.java:84)<br/>
                        org.testng.internal.Invoker.invokeMethod(Invoker.java:714)<br/>
                        org.testng.internal.Invoker.invokeTestMethod(Invoker.java:901)<br/>
                        org.testng.internal.Invoker.invokeTestMethods(Invoker.java:1231)<br/>
                        org.testng.internal.TestMethodWorker.invokeTestMethods(TestMethodWorker.java:127)<br/>
                        org.testng.internal.TestMethodWorker.run(TestMethodWorker.java:111)<br/>
                        org.testng.TestRunner.privateRun(TestRunner.java:767)<br/>
                        org.testng.TestRunner.run(TestRunner.java:617)<br/>
                        org.testng.SuiteRunner.runTest(SuiteRunner.java:348)<br/>
                        org.testng.SuiteRunner.runSequentially(SuiteRunner.java:343)<br/>
                        org.testng.SuiteRunner.privateRun(SuiteRunner.java:305)<br/>
                        org.testng.SuiteRunner.run(SuiteRunner.java:254)<br/>
                        org.testng.SuiteRunnerWorker.runSuite(SuiteRunnerWorker.java:52)<br/>
                        org.testng.SuiteRunnerWorker.run(SuiteRunnerWorker.java:86)<br/>
                        org.testng.TestNG.runSuitesSequentially(TestNG.java:1224)<br/>
                        org.testng.TestNG.runSuitesLocally(TestNG.java:1149)<br/>
                        org.testng.TestNG.run(TestNG.java:1057)<br/>
                        com.intellij.rt.testng.IDEARemoteTestNG.run(IDEARemoteTestNG.java:66)<br/>
                        com.intellij.rt.testng.RemoteTestNGStarter.main(RemoteTestNGStarter.java:109)<br/>
                </div>
        </td>
    </tr>
    <tr>
        <td class="method">
                verify_login_user_page
        </td>
        <td class="duration">
            0.002s
        </td>
        <td class="result">
            <!-- Display the dependencies for skipped test methods -->


            <!-- Show logger output for the test -->

                <a href="javascript:toggleElement('exception-1', 'block')"
                   title="Click to expand/collapse">
                    <b>org.openqa.selenium.InvalidSelectorException: Compound class names not permitted<br/>
For documentation on this error, please visit: https://selenium.dev/exceptions/#invalid_selector_exception<br/>
Build info: version: &apos;4.0.0&apos;, revision: &apos;3a21814679&apos;<br/>
System info: host: &apos;DESKTOP-O7U6TD5&apos;, ip: &apos;192.168.1.10&apos;, os.name: &apos;Windows 10&apos;, os.arch: &apos;amd64&apos;, os.version: &apos;10.0&apos;, java.version: &apos;1.8.0_202&apos;<br/>
Driver info: driver.version: unknown</b>
                </a>
                <br/>
                <div class="stackTrace" id="exception-1">
                        org.openqa.selenium.By$ByClassName.&lt;init&gt;(By.java:310)<br/>
                        org.openqa.selenium.By.className(By.java:100)<br/>
                        org.openqa.selenium.support.AbstractFindByBuilder.buildByFromShortFindBy(AbstractFindByBuilder.java:43)<br/>
                        org.openqa.selenium.support.FindBy$FindByBuilder.buildIt(FindBy.java:85)<br/>
                        org.openqa.selenium.support.pagefactory.Annotations.buildBy(Annotations.java:79)<br/>
                        org.openqa.selenium.support.pagefactory.DefaultElementLocator.&lt;init&gt;(DefaultElementLocator.java:58)<br/>
                        org.openqa.selenium.support.pagefactory.DefaultElementLocator.&lt;init&gt;(DefaultElementLocator.java:46)<br/>
                        org.openqa.selenium.support.pagefactory.DefaultElementLocatorFactory.createLocator(DefaultElementLocatorFactory.java:33)<br/>
                        org.openqa.selenium.support.pagefactory.DefaultFieldDecorator.decorate(DefaultFieldDecorator.java:57)<br/>
                        org.openqa.selenium.support.PageFactory.proxyFields(PageFactory.java:111)<br/>
                        org.openqa.selenium.support.PageFactory.initElements(PageFactory.java:103)<br/>
                        org.openqa.selenium.support.PageFactory.initElements(PageFactory.java:90)<br/>
                        org.openqa.selenium.support.PageFactory.initElements(PageFactory.java:78)<br/>
                        pages.MainPage.&lt;init&gt;(MainPage.java:18)<br/>
                        testcases.TestUserLogin.verify_login_user_page(TestUserLogin.java:37)<br/>
                        sun.reflect.NativeMethodAccessorImpl.invoke0(Native Method)<br/>
                        sun.reflect.NativeMethodAccessorImpl.invoke(NativeMethodAccessorImpl.java:62)<br/>
                        sun.reflect.DelegatingMethodAccessorImpl.invoke(DelegatingMethodAccessorImpl.java:43)<br/>
                        java.lang.reflect.Method.invoke(Method.java:498)<br/>
                        org.testng.internal.MethodInvocationHelper.invokeMethod(MethodInvocationHelper.java:84)<br/>
                        org.testng.internal.Invoker.invokeMethod(Invoker.java:714)<br/>
                        org.testng.internal.Invoker.invokeTestMethod(Invoker.java:901)<br/>
                        org.testng.internal.Invoker.invokeTestMethods(Invoker.java:1231)<br/>
                        org.testng.internal.TestMethodWorker.invokeTestMethods(TestMethodWorker.java:127)<br/>
                        org.testng.internal.TestMethodWorker.run(TestMethodWorker.java:111)<br/>
                        org.testng.TestRunner.privateRun(TestRunner.java:767)<br/>
                        org.testng.TestRunner.run(TestRunner.java:617)<br/>
                        org.testng.SuiteRunner.runTest(SuiteRunner.java:348)<br/>
                        org.testng.SuiteRunner.runSequentially(SuiteRunner.java:343)<br/>
                        org.testng.SuiteRunner.privateRun(SuiteRunner.java:305)<br/>
                        org.testng.SuiteRunner.run(SuiteRunner.java:254)<br/>
                        org.testng.SuiteRunnerWorker.runSuite(SuiteRunnerWorker.java:52)<br/>
                        org.testng.SuiteRunnerWorker.run(SuiteRunnerWorker.java:86)<br/>
                        org.testng.TestNG.runSuitesSequentially(TestNG.java:1224)<br/>
                        org.testng.TestNG.runSuitesLocally(TestNG.java:1149)<br/>
                        org.testng.TestNG.run(TestNG.java:1057)<br/>
                        com.intellij.rt.testng.IDEARemoteTestNG.run(IDEARemoteTestNG.java:66)<br/>
                        com.intellij.rt.testng.RemoteTestNGStarter.main(RemoteTestNGStarter.java:109)<br/>
                </div>
        </td>
    </tr>
    </table>



<script type="text/javascript" src="reportng.js"></script>
</body>
