<!doctype html>
<html lang="">
<head>
    <meta charset="UTF-8">
    <meta name="viewport"
          content="width=device-width, user-scalable=no, initial-scale=1.0, maximum-scale=1.0, minimum-scale=1.0">
    <meta http-equiv="X-UA-Compatible" content="ie=edge">
    <title>Test Results Report - test2</title>

    <link href="reportng.css" rel="stylesheet" type="text/css"/>
</head>
<body>
<div id="meta">
Generated by <a href="http://www.testng.org" target="_blank">TestNG</a> with <a href="https://github.com/testng-team/reportng" target="_blank">ReportNG</a>
at 12:44 CDT on Friday 24 June 2022
    <br/><span
    id="systemInfo">colli@DESKTOP-O7U6TD5&nbsp;/&nbsp;Java 1.8.0_202 (Oracle Corporation)&nbsp;/&nbsp;Windows 10 10.0 (amd64)</span>
</div>
<h1>test2</h1>

<p>
    <a href="index.html">Suites</a>
        &#183; <a href="output.html">Log Output</a>
</p>

<p>Test duration
    : 96.005s</p>


    <table class="resultsTable">
        <tr>
            <th colspan="3" class="header failed">Failed Tests</th>
        </tr>
            <tr>
                <td class="group" colspan="3">testcases.TestAddToCart</td>
            </tr>
    <tr>
        <td class="method">
                increase_quantity_test
        </td>
        <td class="duration">
            15.064s
        </td>
        <td class="result">
            <!-- Display the dependencies for skipped test methods -->


            <!-- Show logger output for the test -->

                <a href="javascript:toggleElement('exception-0', 'block')"
                   title="Click to expand/collapse">
                    <b>org.openqa.selenium.ElementNotInteractableException: element not interactable<br/>
&nbsp; (Session info: chrome=102.0.5005.115)<br/>
Build info: version: &apos;4.0.0&apos;, revision: &apos;3a21814679&apos;<br/>
System info: host: &apos;DESKTOP-O7U6TD5&apos;, ip: &apos;192.168.1.10&apos;, os.name: &apos;Windows 10&apos;, os.arch: &apos;amd64&apos;, os.version: &apos;10.0&apos;, java.version: &apos;1.8.0_202&apos;<br/>
Driver info: org.openqa.selenium.chrome.ChromeDriver<br/>
Command: [9de6c0e72b9f58f3915b09129ba9213d, clickElement {id=4bc8974e-821d-451b-a5cc-e39ed6410866}]<br/>
Capabilities {acceptInsecureCerts: false, browserName: chrome, browserVersion: 102.0.5005.115, chrome: {chromedriverVersion: 102.0.5005.61 (0e59bcc00cc4..., userDataDir: C:\Users\colli\AppData\Loca...}, goog:chromeOptions: {debuggerAddress: localhost:63002}, javascriptEnabled: true, networkConnectionEnabled: false, pageLoadStrategy: normal, platform: WINDOWS, platformName: WINDOWS, proxy: Proxy(), se:cdp: ws://localhost:63002/devtoo..., se:cdpVersion: 102.0.5005.115, setWindowRect: true, strictFileInteractability: false, timeouts: {implicit: 0, pageLoad: 300000, script: 30000}, unhandledPromptBehavior: dismiss and notify, webauthn:extension:credBlob: true, webauthn:extension:largeBlob: true, webauthn:virtualAuthenticators: true}<br/>
Element: [[ChromeDriver: chrome on WINDOWS (9de6c0e72b9f58f3915b09129ba9213d)] -&gt; id: navigation-clearance]<br/>
Session ID: 9de6c0e72b9f58f3915b09129ba9213d</b>
                </a>
                <br/>
                <div class="stackTrace" id="exception-0">
                        sun.reflect.NativeConstructorAccessorImpl.newInstance0(Native Method)<br/>
                        sun.reflect.NativeConstructorAccessorImpl.newInstance(NativeConstructorAccessorImpl.java:62)<br/>
                        sun.reflect.DelegatingConstructorAccessorImpl.newInstance(DelegatingConstructorAccessorImpl.java:45)<br/>
                        java.lang.reflect.Constructor.newInstance(Constructor.java:423)<br/>
                        org.openqa.selenium.remote.codec.w3c.W3CHttpResponseCodec.createException(W3CHttpResponseCodec.java:200)<br/>
                        org.openqa.selenium.remote.codec.w3c.W3CHttpResponseCodec.decode(W3CHttpResponseCodec.java:133)<br/>
                        org.openqa.selenium.remote.codec.w3c.W3CHttpResponseCodec.decode(W3CHttpResponseCodec.java:53)<br/>
                        org.openqa.selenium.remote.HttpCommandExecutor.execute(HttpCommandExecutor.java:184)<br/>
                        org.openqa.selenium.remote.service.DriverCommandExecutor.invokeExecute(DriverCommandExecutor.java:164)<br/>
                        org.openqa.selenium.remote.service.DriverCommandExecutor.execute(DriverCommandExecutor.java:139)<br/>
                        org.openqa.selenium.remote.RemoteWebDriver.execute(RemoteWebDriver.java:559)<br/>
                        org.openqa.selenium.remote.RemoteWebElement.execute(RemoteWebElement.java:251)<br/>
                        org.openqa.selenium.remote.RemoteWebElement.click(RemoteWebElement.java:77)<br/>
                        sun.reflect.NativeMethodAccessorImpl.invoke0(Native Method)<br/>
                        sun.reflect.NativeMethodAccessorImpl.invoke(NativeMethodAccessorImpl.java:62)<br/>
                        sun.reflect.DelegatingMethodAccessorImpl.invoke(DelegatingMethodAccessorImpl.java:43)<br/>
                        java.lang.reflect.Method.invoke(Method.java:498)<br/>
                        org.openqa.selenium.support.pagefactory.internal.LocatingElementHandler.invoke(LocatingElementHandler.java:52)<br/>
                        com.sun.proxy.$Proxy12.click(Unknown Source)<br/>
                        pages.MainPage.clickClearanceButton(MainPage.java:58)<br/>
                        testcases.TestAddToCart.increase_quantity_test(TestAddToCart.java:111)<br/>
                        sun.reflect.NativeMethodAccessorImpl.invoke0(Native Method)<br/>
                        sun.reflect.NativeMethodAccessorImpl.invoke(NativeMethodAccessorImpl.java:62)<br/>
                        sun.reflect.DelegatingMethodAccessorImpl.invoke(DelegatingMethodAccessorImpl.java:43)<br/>
                        java.lang.reflect.Method.invoke(Method.java:498)<br/>
                        org.testng.internal.MethodInvocationHelper.invokeMethod(MethodInvocationHelper.java:84)<br/>
                        org.testng.internal.Invoker.invokeMethod(Invoker.java:714)<br/>
                        org.testng.internal.Invoker.invokeTestMethod(Invoker.java:901)<br/>
                        org.testng.internal.Invoker.invokeTestMethods(Invoker.java:1231)<br/>
                        org.testng.internal.TestMethodWorker.invokeTestMethods(TestMethodWorker.java:127)<br/>
                        org.testng.internal.TestMethodWorker.run(TestMethodWorker.java:111)<br/>
                        org.testng.TestRunner.privateRun(TestRunner.java:767)<br/>
                        org.testng.TestRunner.run(TestRunner.java:617)<br/>
                        org.testng.SuiteRunner.runTest(SuiteRunner.java:348)<br/>
                        org.testng.SuiteRunner.runSequentially(SuiteRunner.java:343)<br/>
                        org.testng.SuiteRunner.privateRun(SuiteRunner.java:305)<br/>
                        org.testng.SuiteRunner.run(SuiteRunner.java:254)<br/>
                        org.testng.SuiteRunnerWorker.runSuite(SuiteRunnerWorker.java:52)<br/>
                        org.testng.SuiteRunnerWorker.run(SuiteRunnerWorker.java:86)<br/>
                        org.testng.TestNG.runSuitesSequentially(TestNG.java:1224)<br/>
                        org.testng.TestNG.runSuitesLocally(TestNG.java:1149)<br/>
                        org.testng.TestNG.run(TestNG.java:1057)<br/>
                        org.apache.maven.surefire.testng.TestNGExecutor.run(TestNGExecutor.java:324)<br/>
                        org.apache.maven.surefire.testng.TestNGXmlTestSuite.execute(TestNGXmlTestSuite.java:74)<br/>
                        org.apache.maven.surefire.testng.TestNGProvider.invoke(TestNGProvider.java:123)<br/>
                        org.apache.maven.surefire.booter.ForkedBooter.runSuitesInProcess(ForkedBooter.java:456)<br/>
                        org.apache.maven.surefire.booter.ForkedBooter.execute(ForkedBooter.java:169)<br/>
                        org.apache.maven.surefire.booter.ForkedBooter.run(ForkedBooter.java:595)<br/>
                        org.apache.maven.surefire.booter.ForkedBooter.main(ForkedBooter.java:581)<br/>
                </div>
        </td>
    </tr>
    <tr>
        <td class="method">
                refresh_page_test
        </td>
        <td class="duration">
            15.186s
        </td>
        <td class="result">
            <!-- Display the dependencies for skipped test methods -->


            <!-- Show logger output for the test -->

                <a href="javascript:toggleElement('exception-1', 'block')"
                   title="Click to expand/collapse">
                    <b>org.openqa.selenium.ElementNotInteractableException: element not interactable<br/>
&nbsp; (Session info: chrome=102.0.5005.115)<br/>
Build info: version: &apos;4.0.0&apos;, revision: &apos;3a21814679&apos;<br/>
System info: host: &apos;DESKTOP-O7U6TD5&apos;, ip: &apos;192.168.1.10&apos;, os.name: &apos;Windows 10&apos;, os.arch: &apos;amd64&apos;, os.version: &apos;10.0&apos;, java.version: &apos;1.8.0_202&apos;<br/>
Driver info: org.openqa.selenium.chrome.ChromeDriver<br/>
Command: [9de6c0e72b9f58f3915b09129ba9213d, clickElement {id=4bc8974e-821d-451b-a5cc-e39ed6410866}]<br/>
Capabilities {acceptInsecureCerts: false, browserName: chrome, browserVersion: 102.0.5005.115, chrome: {chromedriverVersion: 102.0.5005.61 (0e59bcc00cc4..., userDataDir: C:\Users\colli\AppData\Loca...}, goog:chromeOptions: {debuggerAddress: localhost:63002}, javascriptEnabled: true, networkConnectionEnabled: false, pageLoadStrategy: normal, platform: WINDOWS, platformName: WINDOWS, proxy: Proxy(), se:cdp: ws://localhost:63002/devtoo..., se:cdpVersion: 102.0.5005.115, setWindowRect: true, strictFileInteractability: false, timeouts: {implicit: 0, pageLoad: 300000, script: 30000}, unhandledPromptBehavior: dismiss and notify, webauthn:extension:credBlob: true, webauthn:extension:largeBlob: true, webauthn:virtualAuthenticators: true}<br/>
Element: [[ChromeDriver: chrome on WINDOWS (9de6c0e72b9f58f3915b09129ba9213d)] -&gt; id: navigation-clearance]<br/>
Session ID: 9de6c0e72b9f58f3915b09129ba9213d</b>
                </a>
                <br/>
                <div class="stackTrace" id="exception-1">
                        sun.reflect.NativeConstructorAccessorImpl.newInstance0(Native Method)<br/>
                        sun.reflect.NativeConstructorAccessorImpl.newInstance(NativeConstructorAccessorImpl.java:62)<br/>
                        sun.reflect.DelegatingConstructorAccessorImpl.newInstance(DelegatingConstructorAccessorImpl.java:45)<br/>
                        java.lang.reflect.Constructor.newInstance(Constructor.java:423)<br/>
                        org.openqa.selenium.remote.codec.w3c.W3CHttpResponseCodec.createException(W3CHttpResponseCodec.java:200)<br/>
                        org.openqa.selenium.remote.codec.w3c.W3CHttpResponseCodec.decode(W3CHttpResponseCodec.java:133)<br/>
                        org.openqa.selenium.remote.codec.w3c.W3CHttpResponseCodec.decode(W3CHttpResponseCodec.java:53)<br/>
                        org.openqa.selenium.remote.HttpCommandExecutor.execute(HttpCommandExecutor.java:184)<br/>
                        org.openqa.selenium.remote.service.DriverCommandExecutor.invokeExecute(DriverCommandExecutor.java:164)<br/>
                        org.openqa.selenium.remote.service.DriverCommandExecutor.execute(DriverCommandExecutor.java:139)<br/>
                        org.openqa.selenium.remote.RemoteWebDriver.execute(RemoteWebDriver.java:559)<br/>
                        org.openqa.selenium.remote.RemoteWebElement.execute(RemoteWebElement.java:251)<br/>
                        org.openqa.selenium.remote.RemoteWebElement.click(RemoteWebElement.java:77)<br/>
                        sun.reflect.NativeMethodAccessorImpl.invoke0(Native Method)<br/>
                        sun.reflect.NativeMethodAccessorImpl.invoke(NativeMethodAccessorImpl.java:62)<br/>
                        sun.reflect.DelegatingMethodAccessorImpl.invoke(DelegatingMethodAccessorImpl.java:43)<br/>
                        java.lang.reflect.Method.invoke(Method.java:498)<br/>
                        org.openqa.selenium.support.pagefactory.internal.LocatingElementHandler.invoke(LocatingElementHandler.java:52)<br/>
                        com.sun.proxy.$Proxy12.click(Unknown Source)<br/>
                        pages.MainPage.clickClearanceButton(MainPage.java:58)<br/>
                        testcases.TestAddToCart.refresh_page_test(TestAddToCart.java:86)<br/>
                        sun.reflect.NativeMethodAccessorImpl.invoke0(Native Method)<br/>
                        sun.reflect.NativeMethodAccessorImpl.invoke(NativeMethodAccessorImpl.java:62)<br/>
                        sun.reflect.DelegatingMethodAccessorImpl.invoke(DelegatingMethodAccessorImpl.java:43)<br/>
                        java.lang.reflect.Method.invoke(Method.java:498)<br/>
                        org.testng.internal.MethodInvocationHelper.invokeMethod(MethodInvocationHelper.java:84)<br/>
                        org.testng.internal.Invoker.invokeMethod(Invoker.java:714)<br/>
                        org.testng.internal.Invoker.invokeTestMethod(Invoker.java:901)<br/>
                        org.testng.internal.Invoker.invokeTestMethods(Invoker.java:1231)<br/>
                        org.testng.internal.TestMethodWorker.invokeTestMethods(TestMethodWorker.java:127)<br/>
                        org.testng.internal.TestMethodWorker.run(TestMethodWorker.java:111)<br/>
                        org.testng.TestRunner.privateRun(TestRunner.java:767)<br/>
                        org.testng.TestRunner.run(TestRunner.java:617)<br/>
                        org.testng.SuiteRunner.runTest(SuiteRunner.java:348)<br/>
                        org.testng.SuiteRunner.runSequentially(SuiteRunner.java:343)<br/>
                        org.testng.SuiteRunner.privateRun(SuiteRunner.java:305)<br/>
                        org.testng.SuiteRunner.run(SuiteRunner.java:254)<br/>
                        org.testng.SuiteRunnerWorker.runSuite(SuiteRunnerWorker.java:52)<br/>
                        org.testng.SuiteRunnerWorker.run(SuiteRunnerWorker.java:86)<br/>
                        org.testng.TestNG.runSuitesSequentially(TestNG.java:1224)<br/>
                        org.testng.TestNG.runSuitesLocally(TestNG.java:1149)<br/>
                        org.testng.TestNG.run(TestNG.java:1057)<br/>
                        org.apache.maven.surefire.testng.TestNGExecutor.run(TestNGExecutor.java:324)<br/>
                        org.apache.maven.surefire.testng.TestNGXmlTestSuite.execute(TestNGXmlTestSuite.java:74)<br/>
                        org.apache.maven.surefire.testng.TestNGProvider.invoke(TestNGProvider.java:123)<br/>
                        org.apache.maven.surefire.booter.ForkedBooter.runSuitesInProcess(ForkedBooter.java:456)<br/>
                        org.apache.maven.surefire.booter.ForkedBooter.execute(ForkedBooter.java:169)<br/>
                        org.apache.maven.surefire.booter.ForkedBooter.run(ForkedBooter.java:595)<br/>
                        org.apache.maven.surefire.booter.ForkedBooter.main(ForkedBooter.java:581)<br/>
                </div>
        </td>
    </tr>
    <tr>
        <td class="method">
                remove_product_from_cart_test
        </td>
        <td class="duration">
            15.079s
        </td>
        <td class="result">
            <!-- Display the dependencies for skipped test methods -->


            <!-- Show logger output for the test -->

                <a href="javascript:toggleElement('exception-2', 'block')"
                   title="Click to expand/collapse">
                    <b>org.openqa.selenium.ElementNotInteractableException: element not interactable<br/>
&nbsp; (Session info: chrome=102.0.5005.115)<br/>
Build info: version: &apos;4.0.0&apos;, revision: &apos;3a21814679&apos;<br/>
System info: host: &apos;DESKTOP-O7U6TD5&apos;, ip: &apos;192.168.1.10&apos;, os.name: &apos;Windows 10&apos;, os.arch: &apos;amd64&apos;, os.version: &apos;10.0&apos;, java.version: &apos;1.8.0_202&apos;<br/>
Driver info: org.openqa.selenium.chrome.ChromeDriver<br/>
Command: [9de6c0e72b9f58f3915b09129ba9213d, clickElement {id=4bc8974e-821d-451b-a5cc-e39ed6410866}]<br/>
Capabilities {acceptInsecureCerts: false, browserName: chrome, browserVersion: 102.0.5005.115, chrome: {chromedriverVersion: 102.0.5005.61 (0e59bcc00cc4..., userDataDir: C:\Users\colli\AppData\Loca...}, goog:chromeOptions: {debuggerAddress: localhost:63002}, javascriptEnabled: true, networkConnectionEnabled: false, pageLoadStrategy: normal, platform: WINDOWS, platformName: WINDOWS, proxy: Proxy(), se:cdp: ws://localhost:63002/devtoo..., se:cdpVersion: 102.0.5005.115, setWindowRect: true, strictFileInteractability: false, timeouts: {implicit: 0, pageLoad: 300000, script: 30000}, unhandledPromptBehavior: dismiss and notify, webauthn:extension:credBlob: true, webauthn:extension:largeBlob: true, webauthn:virtualAuthenticators: true}<br/>
Element: [[ChromeDriver: chrome on WINDOWS (9de6c0e72b9f58f3915b09129ba9213d)] -&gt; id: navigation-clearance]<br/>
Session ID: 9de6c0e72b9f58f3915b09129ba9213d</b>
                </a>
                <br/>
                <div class="stackTrace" id="exception-2">
                        sun.reflect.NativeConstructorAccessorImpl.newInstance0(Native Method)<br/>
                        sun.reflect.NativeConstructorAccessorImpl.newInstance(NativeConstructorAccessorImpl.java:62)<br/>
                        sun.reflect.DelegatingConstructorAccessorImpl.newInstance(DelegatingConstructorAccessorImpl.java:45)<br/>
                        java.lang.reflect.Constructor.newInstance(Constructor.java:423)<br/>
                        org.openqa.selenium.remote.codec.w3c.W3CHttpResponseCodec.createException(W3CHttpResponseCodec.java:200)<br/>
                        org.openqa.selenium.remote.codec.w3c.W3CHttpResponseCodec.decode(W3CHttpResponseCodec.java:133)<br/>
                        org.openqa.selenium.remote.codec.w3c.W3CHttpResponseCodec.decode(W3CHttpResponseCodec.java:53)<br/>
                        org.openqa.selenium.remote.HttpCommandExecutor.execute(HttpCommandExecutor.java:184)<br/>
                        org.openqa.selenium.remote.service.DriverCommandExecutor.invokeExecute(DriverCommandExecutor.java:164)<br/>
                        org.openqa.selenium.remote.service.DriverCommandExecutor.execute(DriverCommandExecutor.java:139)<br/>
                        org.openqa.selenium.remote.RemoteWebDriver.execute(RemoteWebDriver.java:559)<br/>
                        org.openqa.selenium.remote.RemoteWebElement.execute(RemoteWebElement.java:251)<br/>
                        org.openqa.selenium.remote.RemoteWebElement.click(RemoteWebElement.java:77)<br/>
                        sun.reflect.NativeMethodAccessorImpl.invoke0(Native Method)<br/>
                        sun.reflect.NativeMethodAccessorImpl.invoke(NativeMethodAccessorImpl.java:62)<br/>
                        sun.reflect.DelegatingMethodAccessorImpl.invoke(DelegatingMethodAccessorImpl.java:43)<br/>
                        java.lang.reflect.Method.invoke(Method.java:498)<br/>
                        org.openqa.selenium.support.pagefactory.internal.LocatingElementHandler.invoke(LocatingElementHandler.java:52)<br/>
                        com.sun.proxy.$Proxy12.click(Unknown Source)<br/>
                        pages.MainPage.clickClearanceButton(MainPage.java:58)<br/>
                        testcases.TestAddToCart.remove_product_from_cart_test(TestAddToCart.java:154)<br/>
                        sun.reflect.NativeMethodAccessorImpl.invoke0(Native Method)<br/>
                        sun.reflect.NativeMethodAccessorImpl.invoke(NativeMethodAccessorImpl.java:62)<br/>
                        sun.reflect.DelegatingMethodAccessorImpl.invoke(DelegatingMethodAccessorImpl.java:43)<br/>
                        java.lang.reflect.Method.invoke(Method.java:498)<br/>
                        org.testng.internal.MethodInvocationHelper.invokeMethod(MethodInvocationHelper.java:84)<br/>
                        org.testng.internal.Invoker.invokeMethod(Invoker.java:714)<br/>
                        org.testng.internal.Invoker.invokeTestMethod(Invoker.java:901)<br/>
                        org.testng.internal.Invoker.invokeTestMethods(Invoker.java:1231)<br/>
                        org.testng.internal.TestMethodWorker.invokeTestMethods(TestMethodWorker.java:127)<br/>
                        org.testng.internal.TestMethodWorker.run(TestMethodWorker.java:111)<br/>
                        org.testng.TestRunner.privateRun(TestRunner.java:767)<br/>
                        org.testng.TestRunner.run(TestRunner.java:617)<br/>
                        org.testng.SuiteRunner.runTest(SuiteRunner.java:348)<br/>
                        org.testng.SuiteRunner.runSequentially(SuiteRunner.java:343)<br/>
                        org.testng.SuiteRunner.privateRun(SuiteRunner.java:305)<br/>
                        org.testng.SuiteRunner.run(SuiteRunner.java:254)<br/>
                        org.testng.SuiteRunnerWorker.runSuite(SuiteRunnerWorker.java:52)<br/>
                        org.testng.SuiteRunnerWorker.run(SuiteRunnerWorker.java:86)<br/>
                        org.testng.TestNG.runSuitesSequentially(TestNG.java:1224)<br/>
                        org.testng.TestNG.runSuitesLocally(TestNG.java:1149)<br/>
                        org.testng.TestNG.run(TestNG.java:1057)<br/>
                        org.apache.maven.surefire.testng.TestNGExecutor.run(TestNGExecutor.java:324)<br/>
                        org.apache.maven.surefire.testng.TestNGXmlTestSuite.execute(TestNGXmlTestSuite.java:74)<br/>
                        org.apache.maven.surefire.testng.TestNGProvider.invoke(TestNGProvider.java:123)<br/>
                        org.apache.maven.surefire.booter.ForkedBooter.runSuitesInProcess(ForkedBooter.java:456)<br/>
                        org.apache.maven.surefire.booter.ForkedBooter.execute(ForkedBooter.java:169)<br/>
                        org.apache.maven.surefire.booter.ForkedBooter.run(ForkedBooter.java:595)<br/>
                        org.apache.maven.surefire.booter.ForkedBooter.main(ForkedBooter.java:581)<br/>
                </div>
        </td>
    </tr>
    <tr>
        <td class="method">
                verify_correct_amount_in_cart_test
        </td>
        <td class="duration">
            15.091s
        </td>
        <td class="result">
            <!-- Display the dependencies for skipped test methods -->


            <!-- Show logger output for the test -->

                <a href="javascript:toggleElement('exception-3', 'block')"
                   title="Click to expand/collapse">
                    <b>org.openqa.selenium.ElementNotInteractableException: element not interactable<br/>
&nbsp; (Session info: chrome=102.0.5005.115)<br/>
Build info: version: &apos;4.0.0&apos;, revision: &apos;3a21814679&apos;<br/>
System info: host: &apos;DESKTOP-O7U6TD5&apos;, ip: &apos;192.168.1.10&apos;, os.name: &apos;Windows 10&apos;, os.arch: &apos;amd64&apos;, os.version: &apos;10.0&apos;, java.version: &apos;1.8.0_202&apos;<br/>
Driver info: org.openqa.selenium.chrome.ChromeDriver<br/>
Command: [9de6c0e72b9f58f3915b09129ba9213d, clickElement {id=4bc8974e-821d-451b-a5cc-e39ed6410866}]<br/>
Capabilities {acceptInsecureCerts: false, browserName: chrome, browserVersion: 102.0.5005.115, chrome: {chromedriverVersion: 102.0.5005.61 (0e59bcc00cc4..., userDataDir: C:\Users\colli\AppData\Loca...}, goog:chromeOptions: {debuggerAddress: localhost:63002}, javascriptEnabled: true, networkConnectionEnabled: false, pageLoadStrategy: normal, platform: WINDOWS, platformName: WINDOWS, proxy: Proxy(), se:cdp: ws://localhost:63002/devtoo..., se:cdpVersion: 102.0.5005.115, setWindowRect: true, strictFileInteractability: false, timeouts: {implicit: 0, pageLoad: 300000, script: 30000}, unhandledPromptBehavior: dismiss and notify, webauthn:extension:credBlob: true, webauthn:extension:largeBlob: true, webauthn:virtualAuthenticators: true}<br/>
Element: [[ChromeDriver: chrome on WINDOWS (9de6c0e72b9f58f3915b09129ba9213d)] -&gt; id: navigation-clearance]<br/>
Session ID: 9de6c0e72b9f58f3915b09129ba9213d</b>
                </a>
                <br/>
                <div class="stackTrace" id="exception-3">
                        sun.reflect.NativeConstructorAccessorImpl.newInstance0(Native Method)<br/>
                        sun.reflect.NativeConstructorAccessorImpl.newInstance(NativeConstructorAccessorImpl.java:62)<br/>
                        sun.reflect.DelegatingConstructorAccessorImpl.newInstance(DelegatingConstructorAccessorImpl.java:45)<br/>
                        java.lang.reflect.Constructor.newInstance(Constructor.java:423)<br/>
                        org.openqa.selenium.remote.codec.w3c.W3CHttpResponseCodec.createException(W3CHttpResponseCodec.java:200)<br/>
                        org.openqa.selenium.remote.codec.w3c.W3CHttpResponseCodec.decode(W3CHttpResponseCodec.java:133)<br/>
                        org.openqa.selenium.remote.codec.w3c.W3CHttpResponseCodec.decode(W3CHttpResponseCodec.java:53)<br/>
                        org.openqa.selenium.remote.HttpCommandExecutor.execute(HttpCommandExecutor.java:184)<br/>
                        org.openqa.selenium.remote.service.DriverCommandExecutor.invokeExecute(DriverCommandExecutor.java:164)<br/>
                        org.openqa.selenium.remote.service.DriverCommandExecutor.execute(DriverCommandExecutor.java:139)<br/>
                        org.openqa.selenium.remote.RemoteWebDriver.execute(RemoteWebDriver.java:559)<br/>
                        org.openqa.selenium.remote.RemoteWebElement.execute(RemoteWebElement.java:251)<br/>
                        org.openqa.selenium.remote.RemoteWebElement.click(RemoteWebElement.java:77)<br/>
                        sun.reflect.NativeMethodAccessorImpl.invoke0(Native Method)<br/>
                        sun.reflect.NativeMethodAccessorImpl.invoke(NativeMethodAccessorImpl.java:62)<br/>
                        sun.reflect.DelegatingMethodAccessorImpl.invoke(DelegatingMethodAccessorImpl.java:43)<br/>
                        java.lang.reflect.Method.invoke(Method.java:498)<br/>
                        org.openqa.selenium.support.pagefactory.internal.LocatingElementHandler.invoke(LocatingElementHandler.java:52)<br/>
                        com.sun.proxy.$Proxy12.click(Unknown Source)<br/>
                        pages.MainPage.clickClearanceButton(MainPage.java:58)<br/>
                        testcases.TestAddToCart.verify_correct_amount_in_cart_test(TestAddToCart.java:135)<br/>
                        sun.reflect.NativeMethodAccessorImpl.invoke0(Native Method)<br/>
                        sun.reflect.NativeMethodAccessorImpl.invoke(NativeMethodAccessorImpl.java:62)<br/>
                        sun.reflect.DelegatingMethodAccessorImpl.invoke(DelegatingMethodAccessorImpl.java:43)<br/>
                        java.lang.reflect.Method.invoke(Method.java:498)<br/>
                        org.testng.internal.MethodInvocationHelper.invokeMethod(MethodInvocationHelper.java:84)<br/>
                        org.testng.internal.Invoker.invokeMethod(Invoker.java:714)<br/>
                        org.testng.internal.Invoker.invokeTestMethod(Invoker.java:901)<br/>
                        org.testng.internal.Invoker.invokeTestMethods(Invoker.java:1231)<br/>
                        org.testng.internal.TestMethodWorker.invokeTestMethods(TestMethodWorker.java:127)<br/>
                        org.testng.internal.TestMethodWorker.run(TestMethodWorker.java:111)<br/>
                        org.testng.TestRunner.privateRun(TestRunner.java:767)<br/>
                        org.testng.TestRunner.run(TestRunner.java:617)<br/>
                        org.testng.SuiteRunner.runTest(SuiteRunner.java:348)<br/>
                        org.testng.SuiteRunner.runSequentially(SuiteRunner.java:343)<br/>
                        org.testng.SuiteRunner.privateRun(SuiteRunner.java:305)<br/>
                        org.testng.SuiteRunner.run(SuiteRunner.java:254)<br/>
                        org.testng.SuiteRunnerWorker.runSuite(SuiteRunnerWorker.java:52)<br/>
                        org.testng.SuiteRunnerWorker.run(SuiteRunnerWorker.java:86)<br/>
                        org.testng.TestNG.runSuitesSequentially(TestNG.java:1224)<br/>
                        org.testng.TestNG.runSuitesLocally(TestNG.java:1149)<br/>
                        org.testng.TestNG.run(TestNG.java:1057)<br/>
                        org.apache.maven.surefire.testng.TestNGExecutor.run(TestNGExecutor.java:324)<br/>
                        org.apache.maven.surefire.testng.TestNGXmlTestSuite.execute(TestNGXmlTestSuite.java:74)<br/>
                        org.apache.maven.surefire.testng.TestNGProvider.invoke(TestNGProvider.java:123)<br/>
                        org.apache.maven.surefire.booter.ForkedBooter.runSuitesInProcess(ForkedBooter.java:456)<br/>
                        org.apache.maven.surefire.booter.ForkedBooter.execute(ForkedBooter.java:169)<br/>
                        org.apache.maven.surefire.booter.ForkedBooter.run(ForkedBooter.java:595)<br/>
                        org.apache.maven.surefire.booter.ForkedBooter.main(ForkedBooter.java:581)<br/>
                </div>
        </td>
    </tr>
    <tr>
        <td class="method">
                verify_product_display_price_test
        </td>
        <td class="duration">
            15.132s
        </td>
        <td class="result">
            <!-- Display the dependencies for skipped test methods -->


            <!-- Show logger output for the test -->

                <a href="javascript:toggleElement('exception-4', 'block')"
                   title="Click to expand/collapse">
                    <b>org.openqa.selenium.ElementNotInteractableException: element not interactable<br/>
&nbsp; (Session info: chrome=102.0.5005.115)<br/>
Build info: version: &apos;4.0.0&apos;, revision: &apos;3a21814679&apos;<br/>
System info: host: &apos;DESKTOP-O7U6TD5&apos;, ip: &apos;192.168.1.10&apos;, os.name: &apos;Windows 10&apos;, os.arch: &apos;amd64&apos;, os.version: &apos;10.0&apos;, java.version: &apos;1.8.0_202&apos;<br/>
Driver info: org.openqa.selenium.chrome.ChromeDriver<br/>
Command: [9de6c0e72b9f58f3915b09129ba9213d, clickElement {id=4bc8974e-821d-451b-a5cc-e39ed6410866}]<br/>
Capabilities {acceptInsecureCerts: false, browserName: chrome, browserVersion: 102.0.5005.115, chrome: {chromedriverVersion: 102.0.5005.61 (0e59bcc00cc4..., userDataDir: C:\Users\colli\AppData\Loca...}, goog:chromeOptions: {debuggerAddress: localhost:63002}, javascriptEnabled: true, networkConnectionEnabled: false, pageLoadStrategy: normal, platform: WINDOWS, platformName: WINDOWS, proxy: Proxy(), se:cdp: ws://localhost:63002/devtoo..., se:cdpVersion: 102.0.5005.115, setWindowRect: true, strictFileInteractability: false, timeouts: {implicit: 0, pageLoad: 300000, script: 30000}, unhandledPromptBehavior: dismiss and notify, webauthn:extension:credBlob: true, webauthn:extension:largeBlob: true, webauthn:virtualAuthenticators: true}<br/>
Element: [[ChromeDriver: chrome on WINDOWS (9de6c0e72b9f58f3915b09129ba9213d)] -&gt; id: navigation-clearance]<br/>
Session ID: 9de6c0e72b9f58f3915b09129ba9213d</b>
                </a>
                <br/>
                <div class="stackTrace" id="exception-4">
                        sun.reflect.NativeConstructorAccessorImpl.newInstance0(Native Method)<br/>
                        sun.reflect.NativeConstructorAccessorImpl.newInstance(NativeConstructorAccessorImpl.java:62)<br/>
                        sun.reflect.DelegatingConstructorAccessorImpl.newInstance(DelegatingConstructorAccessorImpl.java:45)<br/>
                        java.lang.reflect.Constructor.newInstance(Constructor.java:423)<br/>
                        org.openqa.selenium.remote.codec.w3c.W3CHttpResponseCodec.createException(W3CHttpResponseCodec.java:200)<br/>
                        org.openqa.selenium.remote.codec.w3c.W3CHttpResponseCodec.decode(W3CHttpResponseCodec.java:133)<br/>
                        org.openqa.selenium.remote.codec.w3c.W3CHttpResponseCodec.decode(W3CHttpResponseCodec.java:53)<br/>
                        org.openqa.selenium.remote.HttpCommandExecutor.execute(HttpCommandExecutor.java:184)<br/>
                        org.openqa.selenium.remote.service.DriverCommandExecutor.invokeExecute(DriverCommandExecutor.java:164)<br/>
                        org.openqa.selenium.remote.service.DriverCommandExecutor.execute(DriverCommandExecutor.java:139)<br/>
                        org.openqa.selenium.remote.RemoteWebDriver.execute(RemoteWebDriver.java:559)<br/>
                        org.openqa.selenium.remote.RemoteWebElement.execute(RemoteWebElement.java:251)<br/>
                        org.openqa.selenium.remote.RemoteWebElement.click(RemoteWebElement.java:77)<br/>
                        sun.reflect.NativeMethodAccessorImpl.invoke0(Native Method)<br/>
                        sun.reflect.NativeMethodAccessorImpl.invoke(NativeMethodAccessorImpl.java:62)<br/>
                        sun.reflect.DelegatingMethodAccessorImpl.invoke(DelegatingMethodAccessorImpl.java:43)<br/>
                        java.lang.reflect.Method.invoke(Method.java:498)<br/>
                        org.openqa.selenium.support.pagefactory.internal.LocatingElementHandler.invoke(LocatingElementHandler.java:52)<br/>
                        com.sun.proxy.$Proxy12.click(Unknown Source)<br/>
                        pages.MainPage.clickClearanceButton(MainPage.java:58)<br/>
                        testcases.TestAddToCart.verify_product_display_price_test(TestAddToCart.java:39)<br/>
                        sun.reflect.NativeMethodAccessorImpl.invoke0(Native Method)<br/>
                        sun.reflect.NativeMethodAccessorImpl.invoke(NativeMethodAccessorImpl.java:62)<br/>
                        sun.reflect.DelegatingMethodAccessorImpl.invoke(DelegatingMethodAccessorImpl.java:43)<br/>
                        java.lang.reflect.Method.invoke(Method.java:498)<br/>
                        org.testng.internal.MethodInvocationHelper.invokeMethod(MethodInvocationHelper.java:84)<br/>
                        org.testng.internal.Invoker.invokeMethod(Invoker.java:714)<br/>
                        org.testng.internal.Invoker.invokeTestMethod(Invoker.java:901)<br/>
                        org.testng.internal.Invoker.invokeTestMethods(Invoker.java:1231)<br/>
                        org.testng.internal.TestMethodWorker.invokeTestMethods(TestMethodWorker.java:127)<br/>
                        org.testng.internal.TestMethodWorker.run(TestMethodWorker.java:111)<br/>
                        org.testng.TestRunner.privateRun(TestRunner.java:767)<br/>
                        org.testng.TestRunner.run(TestRunner.java:617)<br/>
                        org.testng.SuiteRunner.runTest(SuiteRunner.java:348)<br/>
                        org.testng.SuiteRunner.runSequentially(SuiteRunner.java:343)<br/>
                        org.testng.SuiteRunner.privateRun(SuiteRunner.java:305)<br/>
                        org.testng.SuiteRunner.run(SuiteRunner.java:254)<br/>
                        org.testng.SuiteRunnerWorker.runSuite(SuiteRunnerWorker.java:52)<br/>
                        org.testng.SuiteRunnerWorker.run(SuiteRunnerWorker.java:86)<br/>
                        org.testng.TestNG.runSuitesSequentially(TestNG.java:1224)<br/>
                        org.testng.TestNG.runSuitesLocally(TestNG.java:1149)<br/>
                        org.testng.TestNG.run(TestNG.java:1057)<br/>
                        org.apache.maven.surefire.testng.TestNGExecutor.run(TestNGExecutor.java:324)<br/>
                        org.apache.maven.surefire.testng.TestNGXmlTestSuite.execute(TestNGXmlTestSuite.java:74)<br/>
                        org.apache.maven.surefire.testng.TestNGProvider.invoke(TestNGProvider.java:123)<br/>
                        org.apache.maven.surefire.booter.ForkedBooter.runSuitesInProcess(ForkedBooter.java:456)<br/>
                        org.apache.maven.surefire.booter.ForkedBooter.execute(ForkedBooter.java:169)<br/>
                        org.apache.maven.surefire.booter.ForkedBooter.run(ForkedBooter.java:595)<br/>
                        org.apache.maven.surefire.booter.ForkedBooter.main(ForkedBooter.java:581)<br/>
                </div>
        </td>
    </tr>
    <tr>
        <td class="method">
                verify_product_is_added_to_cart_test
        </td>
        <td class="duration">
            15.058s
        </td>
        <td class="result">
            <!-- Display the dependencies for skipped test methods -->


            <!-- Show logger output for the test -->

                <a href="javascript:toggleElement('exception-5', 'block')"
                   title="Click to expand/collapse">
                    <b>org.openqa.selenium.ElementNotInteractableException: element not interactable<br/>
&nbsp; (Session info: chrome=102.0.5005.115)<br/>
Build info: version: &apos;4.0.0&apos;, revision: &apos;3a21814679&apos;<br/>
System info: host: &apos;DESKTOP-O7U6TD5&apos;, ip: &apos;192.168.1.10&apos;, os.name: &apos;Windows 10&apos;, os.arch: &apos;amd64&apos;, os.version: &apos;10.0&apos;, java.version: &apos;1.8.0_202&apos;<br/>
Driver info: org.openqa.selenium.chrome.ChromeDriver<br/>
Command: [9de6c0e72b9f58f3915b09129ba9213d, clickElement {id=4bc8974e-821d-451b-a5cc-e39ed6410866}]<br/>
Capabilities {acceptInsecureCerts: false, browserName: chrome, browserVersion: 102.0.5005.115, chrome: {chromedriverVersion: 102.0.5005.61 (0e59bcc00cc4..., userDataDir: C:\Users\colli\AppData\Loca...}, goog:chromeOptions: {debuggerAddress: localhost:63002}, javascriptEnabled: true, networkConnectionEnabled: false, pageLoadStrategy: normal, platform: WINDOWS, platformName: WINDOWS, proxy: Proxy(), se:cdp: ws://localhost:63002/devtoo..., se:cdpVersion: 102.0.5005.115, setWindowRect: true, strictFileInteractability: false, timeouts: {implicit: 0, pageLoad: 300000, script: 30000}, unhandledPromptBehavior: dismiss and notify, webauthn:extension:credBlob: true, webauthn:extension:largeBlob: true, webauthn:virtualAuthenticators: true}<br/>
Element: [[ChromeDriver: chrome on WINDOWS (9de6c0e72b9f58f3915b09129ba9213d)] -&gt; id: navigation-clearance]<br/>
Session ID: 9de6c0e72b9f58f3915b09129ba9213d</b>
                </a>
                <br/>
                <div class="stackTrace" id="exception-5">
                        sun.reflect.NativeConstructorAccessorImpl.newInstance0(Native Method)<br/>
                        sun.reflect.NativeConstructorAccessorImpl.newInstance(NativeConstructorAccessorImpl.java:62)<br/>
                        sun.reflect.DelegatingConstructorAccessorImpl.newInstance(DelegatingConstructorAccessorImpl.java:45)<br/>
                        java.lang.reflect.Constructor.newInstance(Constructor.java:423)<br/>
                        org.openqa.selenium.remote.codec.w3c.W3CHttpResponseCodec.createException(W3CHttpResponseCodec.java:200)<br/>
                        org.openqa.selenium.remote.codec.w3c.W3CHttpResponseCodec.decode(W3CHttpResponseCodec.java:133)<br/>
                        org.openqa.selenium.remote.codec.w3c.W3CHttpResponseCodec.decode(W3CHttpResponseCodec.java:53)<br/>
                        org.openqa.selenium.remote.HttpCommandExecutor.execute(HttpCommandExecutor.java:184)<br/>
                        org.openqa.selenium.remote.service.DriverCommandExecutor.invokeExecute(DriverCommandExecutor.java:164)<br/>
                        org.openqa.selenium.remote.service.DriverCommandExecutor.execute(DriverCommandExecutor.java:139)<br/>
                        org.openqa.selenium.remote.RemoteWebDriver.execute(RemoteWebDriver.java:559)<br/>
                        org.openqa.selenium.remote.RemoteWebElement.execute(RemoteWebElement.java:251)<br/>
                        org.openqa.selenium.remote.RemoteWebElement.click(RemoteWebElement.java:77)<br/>
                        sun.reflect.NativeMethodAccessorImpl.invoke0(Native Method)<br/>
                        sun.reflect.NativeMethodAccessorImpl.invoke(NativeMethodAccessorImpl.java:62)<br/>
                        sun.reflect.DelegatingMethodAccessorImpl.invoke(DelegatingMethodAccessorImpl.java:43)<br/>
                        java.lang.reflect.Method.invoke(Method.java:498)<br/>
                        org.openqa.selenium.support.pagefactory.internal.LocatingElementHandler.invoke(LocatingElementHandler.java:52)<br/>
                        com.sun.proxy.$Proxy12.click(Unknown Source)<br/>
                        pages.MainPage.clickClearanceButton(MainPage.java:58)<br/>
                        testcases.TestAddToCart.verify_product_is_added_to_cart_test(TestAddToCart.java:60)<br/>
                        sun.reflect.NativeMethodAccessorImpl.invoke0(Native Method)<br/>
                        sun.reflect.NativeMethodAccessorImpl.invoke(NativeMethodAccessorImpl.java:62)<br/>
                        sun.reflect.DelegatingMethodAccessorImpl.invoke(DelegatingMethodAccessorImpl.java:43)<br/>
                        java.lang.reflect.Method.invoke(Method.java:498)<br/>
                        org.testng.internal.MethodInvocationHelper.invokeMethod(MethodInvocationHelper.java:84)<br/>
                        org.testng.internal.Invoker.invokeMethod(Invoker.java:714)<br/>
                        org.testng.internal.Invoker.invokeTestMethod(Invoker.java:901)<br/>
                        org.testng.internal.Invoker.invokeTestMethods(Invoker.java:1231)<br/>
                        org.testng.internal.TestMethodWorker.invokeTestMethods(TestMethodWorker.java:127)<br/>
                        org.testng.internal.TestMethodWorker.run(TestMethodWorker.java:111)<br/>
                        org.testng.TestRunner.privateRun(TestRunner.java:767)<br/>
                        org.testng.TestRunner.run(TestRunner.java:617)<br/>
                        org.testng.SuiteRunner.runTest(SuiteRunner.java:348)<br/>
                        org.testng.SuiteRunner.runSequentially(SuiteRunner.java:343)<br/>
                        org.testng.SuiteRunner.privateRun(SuiteRunner.java:305)<br/>
                        org.testng.SuiteRunner.run(SuiteRunner.java:254)<br/>
                        org.testng.SuiteRunnerWorker.runSuite(SuiteRunnerWorker.java:52)<br/>
                        org.testng.SuiteRunnerWorker.run(SuiteRunnerWorker.java:86)<br/>
                        org.testng.TestNG.runSuitesSequentially(TestNG.java:1224)<br/>
                        org.testng.TestNG.runSuitesLocally(TestNG.java:1149)<br/>
                        org.testng.TestNG.run(TestNG.java:1057)<br/>
                        org.apache.maven.surefire.testng.TestNGExecutor.run(TestNGExecutor.java:324)<br/>
                        org.apache.maven.surefire.testng.TestNGXmlTestSuite.execute(TestNGXmlTestSuite.java:74)<br/>
                        org.apache.maven.surefire.testng.TestNGProvider.invoke(TestNGProvider.java:123)<br/>
                        org.apache.maven.surefire.booter.ForkedBooter.runSuitesInProcess(ForkedBooter.java:456)<br/>
                        org.apache.maven.surefire.booter.ForkedBooter.execute(ForkedBooter.java:169)<br/>
                        org.apache.maven.surefire.booter.ForkedBooter.run(ForkedBooter.java:595)<br/>
                        org.apache.maven.surefire.booter.ForkedBooter.main(ForkedBooter.java:581)<br/>
                </div>
        </td>
    </tr>
    </table>



<script type="text/javascript" src="reportng.js"></script>
</body>
