<?xml version="1.0" encoding="UTF-8"?>
<!-- Generated by org.testng.reporters.JUnitXMLReporter -->
<testsuite hostname="DESKTOP-O7U6TD5" name="test1" tests="8" failures="0" timestamp="24 Jun 2022 17:44:28 GMT" time="11.769" errors="0">
  <testcase name="@AfterMethod takeScreenShot" time="0.0" classname="testcases.TestUserRegistration">
    <failure type="java.lang.IllegalArgumentException" message="Parameter &amp;apos;destFile&amp;apos; is not a file: C:\Users\colli\Summers_Collin_Capstone_CaseStudy\Summers_Collin_Capstone_CaseStudy\src\test\resources\screenshots">
      <![CDATA[java.lang.IllegalArgumentException: Parameter 'destFile' is not a file: C:\Users\colli\Summers_Collin_Capstone_CaseStudy\Summers_Collin_Capstone_CaseStudy\src\test\resources\screenshots
	at org.apache.commons.io.FileUtils.requireFile(FileUtils.java:2737)
	at org.apache.commons.io.FileUtils.requireFileIfExists(FileUtils.java:2766)
	at org.apache.commons.io.FileUtils.copyFile(FileUtils.java:844)
	at org.apache.commons.io.FileUtils.copyFile(FileUtils.java:756)
	at testcases.TestUserRegistration.takeScreenShot(TestUserRegistration.java:219)
... Removed 30 stack frames]]>
    </failure>
  </testcase> <!-- @AfterMethod takeScreenShot -->
  <testcase name="@AfterMethod takeScreenShot" time="0.0" classname="testcases.TestUserRegistration">
    <skipped/>
  </testcase> <!-- @AfterMethod takeScreenShot -->
  <testcase name="@AfterMethod takeScreenShot" time="0.0" classname="testcases.TestUserRegistration">
    <skipped/>
  </testcase> <!-- @AfterMethod takeScreenShot -->
  <testcase name="@AfterMethod takeScreenShot" time="0.0" classname="testcases.TestUserRegistration">
    <skipped/>
  </testcase> <!-- @AfterMethod takeScreenShot -->
  <testcase name="@AfterMethod takeScreenShot" time="0.0" classname="testcases.TestUserRegistration">
    <skipped/>
  </testcase> <!-- @AfterMethod takeScreenShot -->
  <testcase name="@AfterMethod takeScreenShot" time="0.0" classname="testcases.TestUserRegistration">
    <skipped/>
  </testcase> <!-- @AfterMethod takeScreenShot -->
  <testcase name="@AfterMethod takeScreenShot" time="0.0" classname="testcases.TestUserRegistration">
    <skipped/>
  </testcase> <!-- @AfterMethod takeScreenShot -->
  <testcase name="@AfterMethod takeScreenShot" time="0.0" classname="testcases.TestUserRegistration">
    <skipped/>
  </testcase> <!-- @AfterMethod takeScreenShot -->
  <testcase name="new_user_registration_test" time="5.321" classname="testcases.TestUserRegistration"/>
  <testcase name="verify_register_new_user" time="0.0" classname="testcases.TestUserRegistration">
    <skipped/>
  </testcase> <!-- verify_register_new_user -->
  <testcase name="email_validation_no_at_test" time="0.0" classname="testcases.TestUserRegistration">
    <skipped/>
  </testcase> <!-- email_validation_no_at_test -->
  <testcase name="email_validation_random_string_test" time="0.0" classname="testcases.TestUserRegistration">
    <skipped/>
  </testcase> <!-- email_validation_random_string_test -->
  <testcase name="email_validation_written_at_test" time="0.001" classname="testcases.TestUserRegistration">
    <skipped/>
  </testcase> <!-- email_validation_written_at_test -->
  <testcase name="email_validation_missing_period_test" time="0.0" classname="testcases.TestUserRegistration">
    <skipped/>
  </testcase> <!-- email_validation_missing_period_test -->
  <testcase name="leave_out_mandatory_fields_test" time="0.0" classname="testcases.TestUserRegistration">
    <skipped/>
  </testcase> <!-- leave_out_mandatory_fields_test -->
  <testcase name="invalid_password_test" time="0.0" classname="testcases.TestUserRegistration">
    <skipped/>
  </testcase> <!-- invalid_password_test -->
</testsuite> <!-- test1 -->
