<html>
<head>
<title>TestNG:  test1</title>
<link href="../testng.css" rel="stylesheet" type="text/css" />
<link href="../my-testng.css" rel="stylesheet" type="text/css" />

<style type="text/css">
.log { display: none;} 
.stack-trace { display: none;} 
</style>
<script type="text/javascript">
<!--
function flip(e) {
  current = e.style.display;
  if (current == 'block') {
    e.style.display = 'none';
    return 0;
  }
  else {
    e.style.display = 'block';
    return 1;
  }
}

function toggleBox(szDivId, elem, msg1, msg2)
{
  var res = -1;  if (document.getElementById) {
    res = flip(document.getElementById(szDivId));
  }
  else if (document.all) {
    // this is the way old msie versions work
    res = flip(document.all[szDivId]);
  }
  if(elem) {
    if(res == 0) elem.innerHTML = msg1; else elem.innerHTML = msg2;
  }

}

function toggleAllBoxes() {
  if (document.getElementsByTagName) {
    d = document.getElementsByTagName('div');
    for (i = 0; i < d.length; i++) {
      if (d[i].className == 'log') {
        flip(d[i]);
      }
    }
  }
}

// -->
</script>

</head>
<body>
<h2 align='center'>test1</h2><table border='1' align="center">
<tr>
<td>Tests passed/Failed/Skipped:</td><td>1/0/7</td>
</tr><tr>
<td>Started on:</td><td>Fri Jun 24 12:44:17 CDT 2022</td>
</tr>
<tr><td>Total time:</td><td>11 seconds (11769 ms)</td>
</tr><tr>
<td>Included groups:</td><td></td>
</tr><tr>
<td>Excluded groups:</td><td></td>
</tr>
</table><p/>
<small><i>(Hover the method name to see the test class name)</i></small><p/>
<table width='100%' border='1' class='invocation-failed'>
<tr><td colspan='4' align='center'><b>FAILED CONFIGURATIONS</b></td></tr>
<tr><td><b>Test method</b></td>
<td width="30%"><b>Exception</b></td>
<td width="10%"><b>Time (seconds)</b></td>
<td><b>Instance</b></td>
</tr>
<tr>
<td title='testcases.TestUserRegistration.takeScreenShot()'><b>takeScreenShot</b><br>Test class: testcases.TestUserRegistration</td>
<td><div><pre>java.lang.IllegalArgumentException: Parameter &apos;destFile&apos; is not a file: C:\Users\colli\Summers_Collin_Capstone_CaseStudy\Summers_Collin_Capstone_CaseStudy\src\test\resources\screenshots
	at org.apache.commons.io.FileUtils.requireFile(FileUtils.java:2737)
	at org.apache.commons.io.FileUtils.requireFileIfExists(FileUtils.java:2766)
	at org.apache.commons.io.FileUtils.copyFile(FileUtils.java:844)
	at org.apache.commons.io.FileUtils.copyFile(FileUtils.java:756)
	at testcases.TestUserRegistration.takeScreenShot(TestUserRegistration.java:219)
... Removed 30 stack frames</pre></div><a href='#' onClick='toggleBox("stack-trace244872973", this, "Click to show all stack frames", "Click to hide stack frames")'>Click to show all stack frames</a>
<div class='stack-trace' id='stack-trace244872973'><pre>java.lang.IllegalArgumentException: Parameter &apos;destFile&apos; is not a file: C:\Users\colli\Summers_Collin_Capstone_CaseStudy\Summers_Collin_Capstone_CaseStudy\src\test\resources\screenshots
	at org.apache.commons.io.FileUtils.requireFile(FileUtils.java:2737)
	at org.apache.commons.io.FileUtils.requireFileIfExists(FileUtils.java:2766)
	at org.apache.commons.io.FileUtils.copyFile(FileUtils.java:844)
	at org.apache.commons.io.FileUtils.copyFile(FileUtils.java:756)
	at testcases.TestUserRegistration.takeScreenShot(TestUserRegistration.java:219)
	at sun.reflect.NativeMethodAccessorImpl.invoke0(Native Method)
	at sun.reflect.NativeMethodAccessorImpl.invoke(NativeMethodAccessorImpl.java:62)
	at sun.reflect.DelegatingMethodAccessorImpl.invoke(DelegatingMethodAccessorImpl.java:43)
	at java.lang.reflect.Method.invoke(Method.java:498)
	at org.testng.internal.MethodInvocationHelper.invokeMethod(MethodInvocationHelper.java:84)
	at org.testng.internal.Invoker.invokeConfigurationMethod(Invoker.java:564)
	at org.testng.internal.Invoker.invokeConfigurations(Invoker.java:213)
	at org.testng.internal.Invoker.invokeMethod(Invoker.java:786)
	at org.testng.internal.Invoker.invokeTestMethod(Invoker.java:901)
	at org.testng.internal.Invoker.invokeTestMethods(Invoker.java:1231)
	at org.testng.internal.TestMethodWorker.invokeTestMethods(TestMethodWorker.java:127)
	at org.testng.internal.TestMethodWorker.run(TestMethodWorker.java:111)
	at org.testng.TestRunner.privateRun(TestRunner.java:767)
	at org.testng.TestRunner.run(TestRunner.java:617)
	at org.testng.SuiteRunner.runTest(SuiteRunner.java:348)
	at org.testng.SuiteRunner.runSequentially(SuiteRunner.java:343)
	at org.testng.SuiteRunner.privateRun(SuiteRunner.java:305)
	at org.testng.SuiteRunner.run(SuiteRunner.java:254)
	at org.testng.SuiteRunnerWorker.runSuite(SuiteRunnerWorker.java:52)
	at org.testng.SuiteRunnerWorker.run(SuiteRunnerWorker.java:86)
	at org.testng.TestNG.runSuitesSequentially(TestNG.java:1224)
	at org.testng.TestNG.runSuitesLocally(TestNG.java:1149)
	at org.testng.TestNG.run(TestNG.java:1057)
	at org.apache.maven.surefire.testng.TestNGExecutor.run(TestNGExecutor.java:324)
	at org.apache.maven.surefire.testng.TestNGXmlTestSuite.execute(TestNGXmlTestSuite.java:74)
	at org.apache.maven.surefire.testng.TestNGProvider.invoke(TestNGProvider.java:123)
	at org.apache.maven.surefire.booter.ForkedBooter.runSuitesInProcess(ForkedBooter.java:456)
	at org.apache.maven.surefire.booter.ForkedBooter.execute(ForkedBooter.java:169)
	at org.apache.maven.surefire.booter.ForkedBooter.run(ForkedBooter.java:595)
	at org.apache.maven.surefire.booter.ForkedBooter.main(ForkedBooter.java:581)
</pre></div></td>
<td>0</td>
<td>testcases.TestUserRegistration@4e1d422d</td></tr>
</table><p>
<table width='100%' border='1' class='invocation-skipped'>
<tr><td colspan='4' align='center'><b>SKIPPED CONFIGURATIONS</b></td></tr>
<tr><td><b>Test method</b></td>
<td width="30%"><b>Exception</b></td>
<td width="10%"><b>Time (seconds)</b></td>
<td><b>Instance</b></td>
</tr>
<tr>
<td title='testcases.TestUserRegistration.takeScreenShot()'><b>takeScreenShot</b><br>Test class: testcases.TestUserRegistration</td>
<td></td>
<td>0</td>
<td>testcases.TestUserRegistration@4e1d422d</td></tr>
<tr>
<td title='testcases.TestUserRegistration.takeScreenShot()'><b>takeScreenShot</b><br>Test class: testcases.TestUserRegistration</td>
<td></td>
<td>0</td>
<td>testcases.TestUserRegistration@4e1d422d</td></tr>
<tr>
<td title='testcases.TestUserRegistration.takeScreenShot()'><b>takeScreenShot</b><br>Test class: testcases.TestUserRegistration</td>
<td></td>
<td>0</td>
<td>testcases.TestUserRegistration@4e1d422d</td></tr>
<tr>
<td title='testcases.TestUserRegistration.takeScreenShot()'><b>takeScreenShot</b><br>Test class: testcases.TestUserRegistration</td>
<td></td>
<td>0</td>
<td>testcases.TestUserRegistration@4e1d422d</td></tr>
<tr>
<td title='testcases.TestUserRegistration.takeScreenShot()'><b>takeScreenShot</b><br>Test class: testcases.TestUserRegistration</td>
<td></td>
<td>0</td>
<td>testcases.TestUserRegistration@4e1d422d</td></tr>
<tr>
<td title='testcases.TestUserRegistration.takeScreenShot()'><b>takeScreenShot</b><br>Test class: testcases.TestUserRegistration</td>
<td></td>
<td>0</td>
<td>testcases.TestUserRegistration@4e1d422d</td></tr>
<tr>
<td title='testcases.TestUserRegistration.takeScreenShot()'><b>takeScreenShot</b><br>Test class: testcases.TestUserRegistration</td>
<td></td>
<td>0</td>
<td>testcases.TestUserRegistration@4e1d422d</td></tr>
</table><p>
<table width='100%' border='1' class='invocation-passed'>
<tr><td colspan='4' align='center'><b>PASSED TESTS</b></td></tr>
<tr><td><b>Test method</b></td>
<td width="30%"><b>Exception</b></td>
<td width="10%"><b>Time (seconds)</b></td>
<td><b>Instance</b></td>
</tr>
<tr>
<td title='testcases.TestUserRegistration.new_user_registration_test()'><b>new_user_registration_test</b><br>Test class: testcases.TestUserRegistration</td>
<td></td>
<td>5</td>
<td>testcases.TestUserRegistration@4e1d422d</td></tr>
</table><p>
<table width='100%' border='1' class='invocation-skipped'>
<tr><td colspan='4' align='center'><b>SKIPPED TESTS</b></td></tr>
<tr><td><b>Test method</b></td>
<td width="30%"><b>Exception</b></td>
<td width="10%"><b>Time (seconds)</b></td>
<td><b>Instance</b></td>
</tr>
<tr>
<td title='testcases.TestUserRegistration.email_validation_missing_period_test()'><b>email_validation_missing_period_test</b><br>Test class: testcases.TestUserRegistration</td>
<td></td>
<td>0</td>
<td>testcases.TestUserRegistration@4e1d422d</td></tr>
<tr>
<td title='testcases.TestUserRegistration.email_validation_no_at_test()'><b>email_validation_no_at_test</b><br>Test class: testcases.TestUserRegistration</td>
<td></td>
<td>0</td>
<td>testcases.TestUserRegistration@4e1d422d</td></tr>
<tr>
<td title='testcases.TestUserRegistration.email_validation_random_string_test()'><b>email_validation_random_string_test</b><br>Test class: testcases.TestUserRegistration</td>
<td></td>
<td>0</td>
<td>testcases.TestUserRegistration@4e1d422d</td></tr>
<tr>
<td title='testcases.TestUserRegistration.email_validation_written_at_test()'><b>email_validation_written_at_test</b><br>Test class: testcases.TestUserRegistration</td>
<td></td>
<td>0</td>
<td>testcases.TestUserRegistration@4e1d422d</td></tr>
<tr>
<td title='testcases.TestUserRegistration.invalid_password_test()'><b>invalid_password_test</b><br>Test class: testcases.TestUserRegistration</td>
<td></td>
<td>0</td>
<td>testcases.TestUserRegistration@4e1d422d</td></tr>
<tr>
<td title='testcases.TestUserRegistration.leave_out_mandatory_fields_test()'><b>leave_out_mandatory_fields_test</b><br>Test class: testcases.TestUserRegistration</td>
<td></td>
<td>0</td>
<td>testcases.TestUserRegistration@4e1d422d</td></tr>
<tr>
<td title='testcases.TestUserRegistration.verify_register_new_user()'><b>verify_register_new_user</b><br>Test class: testcases.TestUserRegistration</td>
<td></td>
<td>0</td>
<td>testcases.TestUserRegistration@4e1d422d</td></tr>
</table><p>
</body>
</html>