<?xml version="1.0" encoding="UTF-8"?>
<testsuite name="Summers_Collin_Capstone_CaseStudy"
           tests="1"
           failures="1"
           errors="0"
           skipped="0"
           time="0.139">
    <properties></properties>

            <testcase
                name="new_user_registration_test"
                time="0.139"
                classname="testcases.TestUserRegistration">

            <failure type="org.openqa.selenium.InvalidSelectorException" message="Compound class names not permitted
For documentation on this error, please visit: https://selenium.dev/exceptions/#invalid_selector_exception
Build info: version: &apos;4.0.0&apos;, revision: &apos;3a21814679&apos;
System info: host: &apos;DESKTOP-O7U6TD5&apos;, ip: &apos;192.168.1.10&apos;, os.name: &apos;Windows 10&apos;, os.arch: &apos;amd64&apos;, os.version: &apos;10.0&apos;, java.version: &apos;1.8.0_202&apos;
Driver info: driver.version: unknown">
                <![CDATA[org.openqa.selenium.InvalidSelectorException: Compound class names not permitted
For documentation on this error, please visit: https://selenium.dev/exceptions/#invalid_selector_exception
Build info: version: '4.0.0', revision: '3a21814679'
System info: host: 'DESKTOP-O7U6TD5', ip: '192.168.1.10', os.name: 'Windows 10', os.arch: 'amd64', os.version: '10.0', java.version: '1.8.0_202'
Driver info: driver.version: unknown
                org.openqa.selenium.By$ByClassName.<init>(By.java:310)org.openqa.selenium.By.className(By.java:100)org.openqa.selenium.support.AbstractFindByBuilder.buildByFromShortFindBy(AbstractFindByBuilder.java:43)org.openqa.selenium.support.FindBy$FindByBuilder.buildIt(FindBy.java:85)org.openqa.selenium.support.pagefactory.Annotations.buildBy(Annotations.java:79)org.openqa.selenium.support.pagefactory.DefaultElementLocator.<init>(DefaultElementLocator.java:58)org.openqa.selenium.support.pagefactory.DefaultElementLocator.<init>(DefaultElementLocator.java:46)org.openqa.selenium.support.pagefactory.DefaultElementLocatorFactory.createLocator(DefaultElementLocatorFactory.java:33)org.openqa.selenium.support.pagefactory.DefaultFieldDecorator.decorate(DefaultFieldDecorator.java:57)org.openqa.selenium.support.PageFactory.proxyFields(PageFactory.java:111)org.openqa.selenium.support.PageFactory.initElements(PageFactory.java:103)org.openqa.selenium.support.PageFactory.initElements(PageFactory.java:90)org.openqa.selenium.support.PageFactory.initElements(PageFactory.java:78)pages.AccountPage.<init>(AccountPage.java:18)testcases.TestUserRegistration.new_user_registration_test(RegistrationPage.java:39)sun.reflect.NativeMethodAccessorImpl.invoke0(Native Method)sun.reflect.NativeMethodAccessorImpl.invoke(NativeMethodAccessorImpl.java:62)sun.reflect.DelegatingMethodAccessorImpl.invoke(DelegatingMethodAccessorImpl.java:43)java.lang.reflect.Method.invoke(Method.java:498)org.testng.internal.MethodInvocationHelper.invokeMethod(MethodInvocationHelper.java:84)org.testng.internal.Invoker.invokeMethod(Invoker.java:714)org.testng.internal.Invoker.invokeTestMethod(Invoker.java:901)org.testng.internal.Invoker.invokeTestMethods(Invoker.java:1231)org.testng.internal.TestMethodWorker.invokeTestMethods(TestMethodWorker.java:127)org.testng.internal.TestMethodWorker.run(TestMethodWorker.java:111)org.testng.TestRunner.privateRun(TestRunner.java:767)org.testng.TestRunner.run(TestRunner.java:617)org.testng.SuiteRunner.runTest(SuiteRunner.java:348)org.testng.SuiteRunner.runSequentially(SuiteRunner.java:343)org.testng.SuiteRunner.privateRun(SuiteRunner.java:305)org.testng.SuiteRunner.run(SuiteRunner.java:254)org.testng.SuiteRunnerWorker.runSuite(SuiteRunnerWorker.java:52)org.testng.SuiteRunnerWorker.run(SuiteRunnerWorker.java:86)org.testng.TestNG.runSuitesSequentially(TestNG.java:1224)org.testng.TestNG.runSuitesLocally(TestNG.java:1149)org.testng.TestNG.run(TestNG.java:1057)com.intellij.rt.testng.IDEARemoteTestNG.run(IDEARemoteTestNG.java:66)com.intellij.rt.testng.RemoteTestNGStarter.main(RemoteTestNGStarter.java:109)
]]>
            </failure>
    </testcase>


</testsuite>
