<?xml version="1.0" encoding="UTF-8"?>
<testsuite name="Summers_Collin_Capstone_CaseStudy"
           tests="1"
           failures="1"
           errors="0"
           skipped="0"
           time="95.686">
    <properties></properties>

            <testcase
                name="verify_login_user_page"
                time="95.686"
                classname="testcases.TestUserLogin">

            <failure type="java.lang.ClassCastException" message="com.sun.proxy.$Proxy12 cannot be cast to org.openqa.selenium.By">
                <![CDATA[java.lang.ClassCastException: com.sun.proxy.$Proxy12 cannot be cast to org.openqa.selenium.By
                pages.LoginPage.getWelcomeMessage(LoginPage.java:42)testcases.TestUserLogin.verify_login_user_page(TestUserLogin.java:45)sun.reflect.NativeMethodAccessorImpl.invoke0(Native Method)sun.reflect.NativeMethodAccessorImpl.invoke(NativeMethodAccessorImpl.java:62)sun.reflect.DelegatingMethodAccessorImpl.invoke(DelegatingMethodAccessorImpl.java:43)java.lang.reflect.Method.invoke(Method.java:498)org.testng.internal.MethodInvocationHelper.invokeMethod(MethodInvocationHelper.java:84)org.testng.internal.Invoker.invokeMethod(Invoker.java:714)org.testng.internal.Invoker.invokeTestMethod(Invoker.java:901)org.testng.internal.Invoker.invokeTestMethods(Invoker.java:1231)org.testng.internal.TestMethodWorker.invokeTestMethods(TestMethodWorker.java:127)org.testng.internal.TestMethodWorker.run(TestMethodWorker.java:111)org.testng.TestRunner.privateRun(TestRunner.java:767)org.testng.TestRunner.run(TestRunner.java:617)org.testng.SuiteRunner.runTest(SuiteRunner.java:348)org.testng.SuiteRunner.runSequentially(SuiteRunner.java:343)org.testng.SuiteRunner.privateRun(SuiteRunner.java:305)org.testng.SuiteRunner.run(SuiteRunner.java:254)org.testng.SuiteRunnerWorker.runSuite(SuiteRunnerWorker.java:52)org.testng.SuiteRunnerWorker.run(SuiteRunnerWorker.java:86)org.testng.TestNG.runSuitesSequentially(TestNG.java:1224)org.testng.TestNG.runSuitesLocally(TestNG.java:1149)org.testng.TestNG.run(TestNG.java:1057)com.intellij.rt.testng.IDEARemoteTestNG.run(IDEARemoteTestNG.java:66)com.intellij.rt.testng.RemoteTestNGStarter.main(RemoteTestNGStarter.java:109)
]]>
            </failure>
    </testcase>


</testsuite>
