<?xml version="1.0" encoding="UTF-8"?>
<testsuite name="test1"
           tests="16"
           failures="1"
           errors="0"
           skipped="14"
           time="5.322">
    <properties></properties>

            <testcase
                name="takeScreenShot"
                time="0.000"
                classname="testcases.TestUserRegistration">

            <failure type="java.lang.IllegalArgumentException" message="Parameter &apos;destFile&apos; is not a file: C:\Users\colli\Summers_Collin_Capstone_CaseStudy\Summers_Collin_Capstone_CaseStudy\src\test\resources\screenshots">
                <![CDATA[java.lang.IllegalArgumentException: Parameter 'destFile' is not a file: C:\Users\colli\Summers_Collin_Capstone_CaseStudy\Summers_Collin_Capstone_CaseStudy\src\test\resources\screenshots
                org.apache.commons.io.FileUtils.requireFile(FileUtils.java:2737)org.apache.commons.io.FileUtils.requireFileIfExists(FileUtils.java:2766)org.apache.commons.io.FileUtils.copyFile(FileUtils.java:844)org.apache.commons.io.FileUtils.copyFile(FileUtils.java:756)testcases.TestUserRegistration.takeScreenShot(TestUserRegistration.java:219)sun.reflect.NativeMethodAccessorImpl.invoke0(Native Method)sun.reflect.NativeMethodAccessorImpl.invoke(NativeMethodAccessorImpl.java:62)sun.reflect.DelegatingMethodAccessorImpl.invoke(DelegatingMethodAccessorImpl.java:43)java.lang.reflect.Method.invoke(Method.java:498)org.testng.internal.MethodInvocationHelper.invokeMethod(MethodInvocationHelper.java:84)org.testng.internal.Invoker.invokeConfigurationMethod(Invoker.java:564)org.testng.internal.Invoker.invokeConfigurations(Invoker.java:213)org.testng.internal.Invoker.invokeMethod(Invoker.java:786)org.testng.internal.Invoker.invokeTestMethod(Invoker.java:901)org.testng.internal.Invoker.invokeTestMethods(Invoker.java:1231)org.testng.internal.TestMethodWorker.invokeTestMethods(TestMethodWorker.java:127)org.testng.internal.TestMethodWorker.run(TestMethodWorker.java:111)org.testng.TestRunner.privateRun(TestRunner.java:767)org.testng.TestRunner.run(TestRunner.java:617)org.testng.SuiteRunner.runTest(SuiteRunner.java:348)org.testng.SuiteRunner.runSequentially(SuiteRunner.java:343)org.testng.SuiteRunner.privateRun(SuiteRunner.java:305)org.testng.SuiteRunner.run(SuiteRunner.java:254)org.testng.SuiteRunnerWorker.runSuite(SuiteRunnerWorker.java:52)org.testng.SuiteRunnerWorker.run(SuiteRunnerWorker.java:86)org.testng.TestNG.runSuitesSequentially(TestNG.java:1224)org.testng.TestNG.runSuitesLocally(TestNG.java:1149)org.testng.TestNG.run(TestNG.java:1057)org.apache.maven.surefire.testng.TestNGExecutor.run(TestNGExecutor.java:324)org.apache.maven.surefire.testng.TestNGXmlTestSuite.execute(TestNGXmlTestSuite.java:74)org.apache.maven.surefire.testng.TestNGProvider.invoke(TestNGProvider.java:123)org.apache.maven.surefire.booter.ForkedBooter.runSuitesInProcess(ForkedBooter.java:456)org.apache.maven.surefire.booter.ForkedBooter.execute(ForkedBooter.java:169)org.apache.maven.surefire.booter.ForkedBooter.run(ForkedBooter.java:595)org.apache.maven.surefire.booter.ForkedBooter.main(ForkedBooter.java:581)
]]>
            </failure>
    </testcase>

            <testcase
                name="takeScreenShot"
                time="0.0"
                classname="testcases.TestUserRegistration">
            </testcase>
            <testcase
                name="takeScreenShot"
                time="0.0"
                classname="testcases.TestUserRegistration">
            </testcase>
            <testcase
                name="takeScreenShot"
                time="0.0"
                classname="testcases.TestUserRegistration">
            </testcase>
            <testcase
                name="takeScreenShot"
                time="0.0"
                classname="testcases.TestUserRegistration">
            </testcase>
            <testcase
                name="takeScreenShot"
                time="0.0"
                classname="testcases.TestUserRegistration">
            </testcase>
            <testcase
                name="takeScreenShot"
                time="0.0"
                classname="testcases.TestUserRegistration">
            </testcase>
            <testcase
                name="takeScreenShot"
                time="0.0"
                classname="testcases.TestUserRegistration">
            </testcase>
            <testcase
                name="email_validation_written_at_test"
                time="0.0"
                classname="testcases.TestUserRegistration">
            </testcase>
            <testcase
                name="leave_out_mandatory_fields_test"
                time="0.0"
                classname="testcases.TestUserRegistration">
            </testcase>
            <testcase
                name="email_validation_missing_period_test"
                time="0.0"
                classname="testcases.TestUserRegistration">
            </testcase>
            <testcase
                name="email_validation_no_at_test"
                time="0.0"
                classname="testcases.TestUserRegistration">
            </testcase>
            <testcase
                name="verify_register_new_user"
                time="0.0"
                classname="testcases.TestUserRegistration">
            </testcase>
            <testcase
                name="email_validation_random_string_test"
                time="0.0"
                classname="testcases.TestUserRegistration">
            </testcase>
            <testcase
                name="invalid_password_test"
                time="0.0"
                classname="testcases.TestUserRegistration">
            </testcase>

            <testcase
                name="new_user_registration_test"
                time="5.321"
                classname="testcases.TestUserRegistration">
            </testcase>
</testsuite>
