<?xml version="1.0" encoding="UTF-8"?>
<testsuite name="test6"
           tests="2"
           failures="2"
           errors="0"
           skipped="0"
           time="96.248">
    <properties></properties>

            <testcase
                name="verify_login_user_page"
                time="95.967"
                classname="testcases.TestUserLogin">

            <failure type="java.lang.ClassCastException" message="com.sun.proxy.$Proxy12 cannot be cast to org.openqa.selenium.By">
                <![CDATA[java.lang.ClassCastException: com.sun.proxy.$Proxy12 cannot be cast to org.openqa.selenium.By
                pages.LoginPage.getWelcomeMessage(LoginPage.java:42)testcases.TestUserLogin.verify_login_user_page(TestUserLogin.java:45)sun.reflect.NativeMethodAccessorImpl.invoke0(Native Method)sun.reflect.NativeMethodAccessorImpl.invoke(NativeMethodAccessorImpl.java:62)sun.reflect.DelegatingMethodAccessorImpl.invoke(DelegatingMethodAccessorImpl.java:43)java.lang.reflect.Method.invoke(Method.java:498)org.testng.internal.MethodInvocationHelper.invokeMethod(MethodInvocationHelper.java:84)org.testng.internal.Invoker.invokeMethod(Invoker.java:714)org.testng.internal.Invoker.invokeTestMethod(Invoker.java:901)org.testng.internal.Invoker.invokeTestMethods(Invoker.java:1231)org.testng.internal.TestMethodWorker.invokeTestMethods(TestMethodWorker.java:127)org.testng.internal.TestMethodWorker.run(TestMethodWorker.java:111)org.testng.TestRunner.privateRun(TestRunner.java:767)org.testng.TestRunner.run(TestRunner.java:617)org.testng.SuiteRunner.runTest(SuiteRunner.java:348)org.testng.SuiteRunner.runSequentially(SuiteRunner.java:343)org.testng.SuiteRunner.privateRun(SuiteRunner.java:305)org.testng.SuiteRunner.run(SuiteRunner.java:254)org.testng.SuiteRunnerWorker.runSuite(SuiteRunnerWorker.java:52)org.testng.SuiteRunnerWorker.run(SuiteRunnerWorker.java:86)org.testng.TestNG.runSuitesSequentially(TestNG.java:1224)org.testng.TestNG.runSuitesLocally(TestNG.java:1149)org.testng.TestNG.run(TestNG.java:1057)org.apache.maven.surefire.testng.TestNGExecutor.run(TestNGExecutor.java:324)org.apache.maven.surefire.testng.TestNGXmlTestSuite.execute(TestNGXmlTestSuite.java:74)org.apache.maven.surefire.testng.TestNGProvider.invoke(TestNGProvider.java:123)org.apache.maven.surefire.booter.ForkedBooter.runSuitesInProcess(ForkedBooter.java:456)org.apache.maven.surefire.booter.ForkedBooter.execute(ForkedBooter.java:169)org.apache.maven.surefire.booter.ForkedBooter.run(ForkedBooter.java:595)org.apache.maven.surefire.booter.ForkedBooter.main(ForkedBooter.java:581)
]]>
            </failure>
    </testcase>
            <testcase
                name="invalid_email_login_test"
                time="0.281"
                classname="testcases.TestUserLogin">

            <failure type="org.openqa.selenium.WebDriverException" message="target frame detached
  (Session info: chrome=102.0.5005.115)
Build info: version: &apos;4.0.0&apos;, revision: &apos;3a21814679&apos;
System info: host: &apos;DESKTOP-O7U6TD5&apos;, ip: &apos;192.168.1.10&apos;, os.name: &apos;Windows 10&apos;, os.arch: &apos;amd64&apos;, os.version: &apos;10.0&apos;, java.version: &apos;1.8.0_202&apos;
Driver info: org.openqa.selenium.chrome.ChromeDriver
Command: [224c516ca214b3ecc84a62809e1b9c2e, findElements {using=xpath, value=//a[@id=&apos;customer_login_link&apos;]}]
Capabilities {acceptInsecureCerts: false, browserName: chrome, browserVersion: 102.0.5005.115, chrome: {chromedriverVersion: 102.0.5005.61 (0e59bcc00cc4..., userDataDir: C:\Users\colli\AppData\Loca...}, goog:chromeOptions: {debuggerAddress: localhost:64296}, javascriptEnabled: true, networkConnectionEnabled: false, pageLoadStrategy: normal, platform: WINDOWS, platformName: WINDOWS, proxy: Proxy(), se:cdp: ws://localhost:64296/devtoo..., se:cdpVersion: 102.0.5005.115, setWindowRect: true, strictFileInteractability: false, timeouts: {implicit: 0, pageLoad: 300000, script: 30000}, unhandledPromptBehavior: dismiss and notify, webauthn:extension:credBlob: true, webauthn:extension:largeBlob: true, webauthn:virtualAuthenticators: true}
Session ID: 224c516ca214b3ecc84a62809e1b9c2e">
                <![CDATA[org.openqa.selenium.WebDriverException: target frame detached
  (Session info: chrome=102.0.5005.115)
Build info: version: '4.0.0', revision: '3a21814679'
System info: host: 'DESKTOP-O7U6TD5', ip: '192.168.1.10', os.name: 'Windows 10', os.arch: 'amd64', os.version: '10.0', java.version: '1.8.0_202'
Driver info: org.openqa.selenium.chrome.ChromeDriver
Command: [224c516ca214b3ecc84a62809e1b9c2e, findElements {using=xpath, value=//a[@id='customer_login_link']}]
Capabilities {acceptInsecureCerts: false, browserName: chrome, browserVersion: 102.0.5005.115, chrome: {chromedriverVersion: 102.0.5005.61 (0e59bcc00cc4..., userDataDir: C:\Users\colli\AppData\Loca...}, goog:chromeOptions: {debuggerAddress: localhost:64296}, javascriptEnabled: true, networkConnectionEnabled: false, pageLoadStrategy: normal, platform: WINDOWS, platformName: WINDOWS, proxy: Proxy(), se:cdp: ws://localhost:64296/devtoo..., se:cdpVersion: 102.0.5005.115, setWindowRect: true, strictFileInteractability: false, timeouts: {implicit: 0, pageLoad: 300000, script: 30000}, unhandledPromptBehavior: dismiss and notify, webauthn:extension:credBlob: true, webauthn:extension:largeBlob: true, webauthn:virtualAuthenticators: true}
Session ID: 224c516ca214b3ecc84a62809e1b9c2e
                sun.reflect.NativeConstructorAccessorImpl.newInstance0(Native Method)sun.reflect.NativeConstructorAccessorImpl.newInstance(NativeConstructorAccessorImpl.java:62)sun.reflect.DelegatingConstructorAccessorImpl.newInstance(DelegatingConstructorAccessorImpl.java:45)java.lang.reflect.Constructor.newInstance(Constructor.java:423)org.openqa.selenium.remote.codec.w3c.W3CHttpResponseCodec.createException(W3CHttpResponseCodec.java:200)org.openqa.selenium.remote.codec.w3c.W3CHttpResponseCodec.decode(W3CHttpResponseCodec.java:133)org.openqa.selenium.remote.codec.w3c.W3CHttpResponseCodec.decode(W3CHttpResponseCodec.java:53)org.openqa.selenium.remote.HttpCommandExecutor.execute(HttpCommandExecutor.java:184)org.openqa.selenium.remote.service.DriverCommandExecutor.invokeExecute(DriverCommandExecutor.java:164)org.openqa.selenium.remote.service.DriverCommandExecutor.execute(DriverCommandExecutor.java:139)org.openqa.selenium.remote.RemoteWebDriver.execute(RemoteWebDriver.java:559)org.openqa.selenium.remote.ElementLocation$ElementFinder$2.findElements(ElementLocation.java:179)org.openqa.selenium.remote.ElementLocation.findElements(ElementLocation.java:102)org.openqa.selenium.remote.RemoteWebDriver.findElements(RemoteWebDriver.java:398)org.openqa.selenium.remote.RemoteWebDriver.findElements(RemoteWebDriver.java:390)pages.MainPage.clickOnAccountLink(MainPage.java:42)testcases.TestUserLogin.invalid_email_login_test(TestUserLogin.java:56)sun.reflect.NativeMethodAccessorImpl.invoke0(Native Method)sun.reflect.NativeMethodAccessorImpl.invoke(NativeMethodAccessorImpl.java:62)sun.reflect.DelegatingMethodAccessorImpl.invoke(DelegatingMethodAccessorImpl.java:43)java.lang.reflect.Method.invoke(Method.java:498)org.testng.internal.MethodInvocationHelper.invokeMethod(MethodInvocationHelper.java:84)org.testng.internal.Invoker.invokeMethod(Invoker.java:714)org.testng.internal.Invoker.invokeTestMethod(Invoker.java:901)org.testng.internal.Invoker.invokeTestMethods(Invoker.java:1231)org.testng.internal.TestMethodWorker.invokeTestMethods(TestMethodWorker.java:127)org.testng.internal.TestMethodWorker.run(TestMethodWorker.java:111)org.testng.TestRunner.privateRun(TestRunner.java:767)org.testng.TestRunner.run(TestRunner.java:617)org.testng.SuiteRunner.runTest(SuiteRunner.java:348)org.testng.SuiteRunner.runSequentially(SuiteRunner.java:343)org.testng.SuiteRunner.privateRun(SuiteRunner.java:305)org.testng.SuiteRunner.run(SuiteRunner.java:254)org.testng.SuiteRunnerWorker.runSuite(SuiteRunnerWorker.java:52)org.testng.SuiteRunnerWorker.run(SuiteRunnerWorker.java:86)org.testng.TestNG.runSuitesSequentially(TestNG.java:1224)org.testng.TestNG.runSuitesLocally(TestNG.java:1149)org.testng.TestNG.run(TestNG.java:1057)org.apache.maven.surefire.testng.TestNGExecutor.run(TestNGExecutor.java:324)org.apache.maven.surefire.testng.TestNGXmlTestSuite.execute(TestNGXmlTestSuite.java:74)org.apache.maven.surefire.testng.TestNGProvider.invoke(TestNGProvider.java:123)org.apache.maven.surefire.booter.ForkedBooter.runSuitesInProcess(ForkedBooter.java:456)org.apache.maven.surefire.booter.ForkedBooter.execute(ForkedBooter.java:169)org.apache.maven.surefire.booter.ForkedBooter.run(ForkedBooter.java:595)org.apache.maven.surefire.booter.ForkedBooter.main(ForkedBooter.java:581)
]]>
            </failure>
    </testcase>


</testsuite>
